<?xml version="1.0" encoding="UTF-8" ?>
<testsuite tests="4" failures="0" name="my.service.impl.AccountServiceImplTest" time="0.538" errors="0" skipped="0">
  <properties>
[...]
</properties>
  <testcase classname="my.service.impl.AccountServiceImplTest" name="findAccountById" time="0.438"/>
  <testcase classname="my.service.impl.AccountServiceImplTest" name="findAll" time="0.041"/>
  <testcase classname="my.service.impl.AccountServiceImplTest" name="saveAccount" time="0.044"/>
  <testcase classname="my.service.impl.AccountServiceImplTest" name="transfer" time="0.015"/>
</testsuite>