<?xml version="1.0" encoding="UTF-8" ?>
<testsuite tests="22" failures="0" name="javax.el.TestListELResolver" time="0" errors="0" skipped="0">
  <properties>
[...]
</properties>
  <testcase classname="javax.el.TestListELResolver" name="testSetValue01" time="0"/>
  <testcase classname="javax.el.TestListELResolver" name="testSetValue02" time="0"/>
  <testcase classname="javax.el.TestListELResolver" name="testSetValue03" time="0"/>
  <testcase classname="javax.el.TestListELResolver" name="testSetValue04" time="0"/>
  <testcase classname="javax.el.TestListELResolver" name="testSetValue05" time="0"/>
  <testcase classname="javax.el.TestListELResolver" name="testSetValue06" time="0"/>
  <testcase classname="javax.el.TestListELResolver" name="testSetValue07" time="0"/>
  <testcase classname="javax.el.TestListELResolver" name="testIsReadOnly01" time="0"/>
  <testcase classname="javax.el.TestListELResolver" name="testIsReadOnly02" time="0"/>
  <testcase classname="javax.el.TestListELResolver" name="testIsReadOnly03" time="0"/>
  <testcase classname="javax.el.TestListELResolver" name="testIsReadOnly04" time="0"/>
  <testcase classname="javax.el.TestListELResolver" name="testIsReadOnly05" time="0"/>
  <testcase classname="javax.el.TestListELResolver" name="testIsReadOnly06" time="0"/>
  <testcase classname="javax.el.TestListELResolver" name="testGetValue01" time="0"/>
  <testcase classname="javax.el.TestListELResolver" name="testGetValue02" time="0"/>
  <testcase classname="javax.el.TestListELResolver" name="testGetValue03" time="0"/>
  <testcase classname="javax.el.TestListELResolver" name="testGetValue04" time="0"/>
  <testcase classname="javax.el.TestListELResolver" name="testGetValue05" time="0"/>
  <testcase classname="javax.el.TestListELResolver" name="testGetType01" time="0"/>
  <testcase classname="javax.el.TestListELResolver" name="testGetType02" time="0"/>
  <testcase classname="javax.el.TestListELResolver" name="testGetType03" time="0"/>
  <testcase classname="javax.el.TestListELResolver" name="testGetType04" time="0"/>
</testsuite>